# JRE version: OpenJDK Runtime Environment (11.0.15) (build 11.0.15+0-b2043.56-8887301)
# Java VM: OpenJDK 64-Bit Server VM (11.0.15+0-b2043.56-8887301, mixed mode, tiered, compressed oops, g1 gc, linux-amd64)
Heap:
 garbage-first heap   total 362496K, used 283111K [0x0000000080000000, 0x0000000100000000)
  region size 1024K, 5 young (5120K), 2 survivors (2048K)
 Metaspace       used 151318K, capacity 157089K, committed 157692K, reserved 1185792K
  class space    used 18725K, capacity 20797K, committed 21324K, reserved 1048576K
GC Heap History (20 events):
Event: 20528,779 GC heap before
{Heap before GC invocations=165 (full 0):
 garbage-first heap   total 362496K, used 287656K [0x0000000080000000, 0x0000000100000000)
  region size 1024K, 53 young (54272K), 1 survivors (1024K)
 Metaspace       used 150556K, capacity 156068K, committed 157436K, reserved 1185792K
  class space    used 18637K, capacity 20634K, committed 21324K, reserved 1048576K
}
Event: 20528,799 GC heap after
{Heap after GC invocations=166 (full 0):
 garbage-first heap   total 362496K, used 241202K [0x0000000080000000, 0x0000000100000000)
  region size 1024K, 7 young (7168K), 7 survivors (7168K)
 Metaspace       used 150556K, capacity 156068K, committed 157436K, reserved 1185792K
  class space    used 18637K, capacity 20634K, committed 21324K, reserved 1048576K
}
Event: 20542,154 GC heap before
{Heap before GC invocations=167 (full 0):
 garbage-first heap   total 362496K, used 290354K [0x0000000080000000, 0x0000000100000000)
  region size 1024K, 58 young (59392K), 7 survivors (7168K)
 Metaspace       used 150952K, capacity 156698K, committed 157692K, reserved 1185792K
  class space    used 18692K, capacity 20737K, committed 21324K, reserved 1048576K
}
Event: 20542,163 GC heap after
{Heap after GC invocations=168 (full 0):
 garbage-first heap   total 362496K, used 239029K [0x0000000080000000, 0x0000000100000000)
  region size 1024K, 6 young (6144K), 6 survivors (6144K)
 Metaspace       used 150952K, capacity 156698K, committed 157692K, reserved 1185792K
  class space    used 18692K, capacity 20737K, committed 21324K, reserved 1048576K
}
Event: 20542,225 GC heap before
{Heap before GC invocations=168 (full 0):
 garbage-first heap   total 362496K, used 249269K [0x0000000080000000, 0x0000000100000000)
  region size 1024K, 17 young (17408K), 6 survivors (6144K)
 Metaspace       used 150997K, capacity 156764K, committed 157692K, reserved 1185792K
  class space    used 18699K, capacity 20749K, committed 21324K, reserved 1048576K
}
Event: 20542,240 GC heap after
{Heap after GC invocations=169 (full 0):
 garbage-first heap   total 362496K, used 222540K [0x0000000080000000, 0x0000000100000000)
  region size 1024K, 2 young (2048K), 2 survivors (2048K)
 Metaspace       used 150997K, capacity 156764K, committed 157692K, reserved 1185792K
  class space    used 18699K, capacity 20749K, committed 21324K, reserved 1048576K
}
Event: 21503,273 GC heap before
{Heap before GC invocations=169 (full 0):
 garbage-first heap   total 362496K, used 283980K [0x0000000080000000, 0x0000000100000000)
  region size 1024K, 63 young (64512K), 2 survivors (2048K)
 Metaspace       used 151149K, capacity 156949K, committed 157692K, reserved 1185792K
  class space    used 18724K, capacity 20796K, committed 21324K, reserved 1048576K
}
Event: 21503,284 GC heap after
{Heap after GC invocations=170 (full 0):
 garbage-first heap   total 362496K, used 225442K [0x0000000080000000, 0x0000000100000000)
  region size 1024K, 5 young (5120K), 5 survivors (5120K)
 Metaspace       used 151149K, capacity 156949K, committed 157692K, reserved 1185792K
  class space    used 18724K, capacity 20796K, committed 21324K, reserved 1048576K
}
Event: 21503,682 GC heap before
{Heap before GC invocations=171 (full 0):
 garbage-first heap   total 362496K, used 292002K [0x0000000080000000, 0x0000000100000000)
  region size 1024K, 68 young (69632K), 5 survivors (5120K)
 Metaspace       used 151231K, capacity 157023K, committed 157692K, reserved 1185792K
  class space    used 18725K, capacity 20797K, committed 21324K, reserved 1048576K
}
Event: 21503,697 GC heap after
{Heap after GC invocations=172 (full 0):
 garbage-first heap   total 362496K, used 237568K [0x0000000080000000, 0x0000000100000000)
  region size 1024K, 9 young (9216K), 9 survivors (9216K)
 Metaspace       used 151231K, capacity 157023K, committed 157692K, reserved 1185792K
  class space    used 18725K, capacity 20797K, committed 21324K, reserved 1048576K
}
Event: 21503,717 GC heap before
{Heap before GC invocations=172 (full 0):
 garbage-first heap   total 362496K, used 244736K [0x0000000080000000, 0x0000000100000000)
  region size 1024K, 17 young (17408K), 9 survivors (9216K)
 Metaspace       used 151231K, capacity 157023K, committed 157692K, reserved 1185792K
  class space    used 18725K, capacity 20797K, committed 21324K, reserved 1048576K
}
Event: 21503,732 GC heap after
{Heap after GC invocations=173 (full 0):
 garbage-first heap   total 362496K, used 231512K [0x0000000080000000, 0x0000000100000000)
  region size 1024K, 2 young (2048K), 2 survivors (2048K)
 Metaspace       used 151231K, capacity 157023K, committed 157692K, reserved 1185792K
  class space    used 18725K, capacity 20797K, committed 21324K, reserved 1048576K
}
Event: 21503,738 GC heap before
{Heap before GC invocations=173 (full 0):
 garbage-first heap   total 362496K, used 234584K [0x0000000080000000, 0x0000000100000000)
  region size 1024K, 6 young (6144K), 2 survivors (2048K)
 Metaspace       used 151231K, capacity 157023K, committed 157692K, reserved 1185792K
  class space    used 18725K, capacity 20797K, committed 21324K, reserved 1048576K
}
Event: 21503,743 GC heap after
{Heap after GC invocations=174 (full 0):
 garbage-first heap   total 362496K, used 232012K [0x0000000080000000, 0x0000000100000000)
  region size 1024K, 3 young (3072K), 3 survivors (3072K)
 Metaspace       used 151231K, capacity 157023K, committed 157692K, reserved 1185792K
  class space    used 18725K, capacity 20797K, committed 21324K, reserved 1048576K
}
Event: 21503,988 GC heap before
{Heap before GC invocations=175 (full 0):
 garbage-first heap   total 362496K, used 277068K [0x0000000080000000, 0x0000000100000000)
  region size 1024K, 47 young (48128K), 3 survivors (3072K)
 Metaspace       used 151275K, capacity 157088K, committed 157692K, reserved 1185792K
  class space    used 18725K, capacity 20797K, committed 21324K, reserved 1048576K
}
Event: 21503,995 GC heap after
{Heap after GC invocations=176 (full 0):
 garbage-first heap   total 362496K, used 238682K [0x0000000080000000, 0x0000000100000000)
  region size 1024K, 6 young (6144K), 6 survivors (6144K)
 Metaspace       used 151275K, capacity 157088K, committed 157692K, reserved 1185792K
  class space    used 18725K, capacity 20797K, committed 21324K, reserved 1048576K
}
Event: 21504,044 GC heap before
{Heap before GC invocations=176 (full 0):
 garbage-first heap   total 362496K, used 248922K [0x0000000080000000, 0x0000000100000000)
  region size 1024K, 17 young (17408K), 6 survivors (6144K)
 Metaspace       used 151282K, capacity 157088K, committed 157692K, reserved 1185792K
  class space    used 18725K, capacity 20797K, committed 21324K, reserved 1048576K
}
Event: 21504,057 GC heap after
{Heap after GC invocations=177 (full 0):
 garbage-first heap   total 362496K, used 232544K [0x0000000080000000, 0x0000000100000000)
  region size 1024K, 2 young (2048K), 2 survivors (2048K)
 Metaspace       used 151282K, capacity 157088K, committed 157692K, reserved 1185792K
  class space    used 18725K, capacity 20797K, committed 21324K, reserved 1048576K
}
Event: 21504,221 GC heap before
{Heap before GC invocations=177 (full 0):
 garbage-first heap   total 362496K, used 253024K [0x0000000080000000, 0x0000000100000000)
  region size 1024K, 24 young (24576K), 2 survivors (2048K)
 Metaspace       used 151314K, capacity 157089K, committed 157692K, reserved 1185792K
  class space    used 18725K, capacity 20797K, committed 21324K, reserved 1048576K
}
Event: 21504,228 GC heap after
{Heap after GC invocations=178 (full 0):
 garbage-first heap   total 362496K, used 232935K [0x0000000080000000, 0x0000000100000000)
  region size 1024K, 2 young (2048K), 2 survivors (2048K)
 Metaspace       used 151314K, capacity 157089K, committed 157692K, reserved 1185792K
  class space    used 18725K, capacity 20797K, committed 21324K, reserved 1048576K
}

