# JRE version: OpenJDK Runtime Environment (11.0.15) (build 11.0.15+0-b2043.56-8887301)
# Java VM: OpenJDK 64-Bit Server VM (11.0.15+0-b2043.56-8887301, mixed mode, tiered, compressed oops, g1 gc, linux-amd64)
Heap:
 garbage-first heap   total 190464K, used 92674K [0x0000000080000000, 0x0000000100000000)
  region size 1024K, 41 young (41984K), 9 survivors (9216K)
 Metaspace       used 72763K, capacity 74662K, committed 74748K, reserved 1114112K
  class space    used 9529K, capacity 10258K, committed 10316K, reserved 1048576K
GC Heap History (20 events):
Event: 2,106 GC heap after
{Heap after GC invocations=1 (full 0):
 garbage-first heap   total 190464K, used 9383K [0x0000000080000000, 0x0000000100000000)
  region size 1024K, 3 young (3072K), 3 survivors (3072K)
 Metaspace       used 10033K, capacity 10243K, committed 10368K, reserved 1058816K
  class space    used 1028K, capacity 1074K, committed 1152K, reserved 1048576K
}
Event: 4,487 GC heap before
{Heap before GC invocations=1 (full 0):
 garbage-first heap   total 190464K, used 69799K [0x0000000080000000, 0x0000000100000000)
  region size 1024K, 61 young (62464K), 3 survivors (3072K)
 Metaspace       used 17211K, capacity 17671K, committed 18048K, reserved 1064960K
  class space    used 1990K, capacity 2104K, committed 2176K, reserved 1048576K
}
Event: 4,502 GC heap after
{Heap after GC invocations=2 (full 0):
 garbage-first heap   total 190464K, used 15921K [0x0000000080000000, 0x0000000100000000)
  region size 1024K, 8 young (8192K), 8 survivors (8192K)
 Metaspace       used 17211K, capacity 17671K, committed 18048K, reserved 1064960K
  class space    used 1990K, capacity 2104K, committed 2176K, reserved 1048576K
}
Event: 5,194 GC heap before
{Heap before GC invocations=2 (full 0):
 garbage-first heap   total 190464K, used 45617K [0x0000000080000000, 0x0000000100000000)
  region size 1024K, 38 young (38912K), 8 survivors (8192K)
 Metaspace       used 20549K, capacity 20926K, committed 21296K, reserved 1069056K
  class space    used 2490K, capacity 2618K, committed 2688K, reserved 1048576K
}
Event: 5,214 GC heap after
{Heap after GC invocations=3 (full 0):
 garbage-first heap   total 190464K, used 17048K [0x0000000080000000, 0x0000000100000000)
  region size 1024K, 2 young (2048K), 2 survivors (2048K)
 Metaspace       used 20549K, capacity 20926K, committed 21296K, reserved 1069056K
  class space    used 2490K, capacity 2618K, committed 2688K, reserved 1048576K
}
Event: 6,440 GC heap before
{Heap before GC invocations=4 (full 0):
 garbage-first heap   total 190464K, used 79512K [0x0000000080000000, 0x0000000100000000)
  region size 1024K, 63 young (64512K), 2 survivors (2048K)
 Metaspace       used 27045K, capacity 27715K, committed 27824K, reserved 1073152K
  class space    used 3520K, capacity 3762K, committed 3840K, reserved 1048576K
}
Event: 6,444 GC heap after
{Heap after GC invocations=5 (full 0):
 garbage-first heap   total 190464K, used 19218K [0x0000000080000000, 0x0000000100000000)
  region size 1024K, 4 young (4096K), 4 survivors (4096K)
 Metaspace       used 27045K, capacity 27715K, committed 27824K, reserved 1073152K
  class space    used 3520K, capacity 3762K, committed 3840K, reserved 1048576K
}
Event: 7,834 GC heap before
{Heap before GC invocations=5 (full 0):
 garbage-first heap   total 190464K, used 78610K [0x0000000080000000, 0x0000000100000000)
  region size 1024K, 63 young (64512K), 4 survivors (4096K)
 Metaspace       used 34894K, capacity 35729K, committed 35888K, reserved 1081344K
  class space    used 4543K, capacity 4883K, committed 4992K, reserved 1048576K
}
Event: 7,844 GC heap after
{Heap after GC invocations=6 (full 0):
 garbage-first heap   total 190464K, used 22449K [0x0000000080000000, 0x0000000100000000)
  region size 1024K, 7 young (7168K), 7 survivors (7168K)
 Metaspace       used 34894K, capacity 35729K, committed 35888K, reserved 1081344K
  class space    used 4543K, capacity 4883K, committed 4992K, reserved 1048576K
}
Event: 9,338 GC heap before
{Heap before GC invocations=7 (full 0):
 garbage-first heap   total 190464K, used 123825K [0x0000000080000000, 0x0000000100000000)
  region size 1024K, 104 young (106496K), 7 survivors (7168K)
 Metaspace       used 43660K, capacity 44671K, committed 44848K, reserved 1087488K
  class space    used 5606K, capacity 5994K, committed 6016K, reserved 1048576K
}
Event: 9,364 GC heap after
{Heap after GC invocations=8 (full 0):
 garbage-first heap   total 190464K, used 29667K [0x0000000080000000, 0x0000000100000000)
  region size 1024K, 13 young (13312K), 13 survivors (13312K)
 Metaspace       used 43660K, capacity 44671K, committed 44848K, reserved 1087488K
  class space    used 5606K, capacity 5994K, committed 6016K, reserved 1048576K
}
Event: 10,764 GC heap before
{Heap before GC invocations=9 (full 0):
 garbage-first heap   total 190464K, used 130019K [0x0000000080000000, 0x0000000100000000)
  region size 1024K, 109 young (111616K), 13 survivors (13312K)
 Metaspace       used 49473K, capacity 50859K, committed 51120K, reserved 1093632K
  class space    used 6289K, capacity 6827K, committed 6912K, reserved 1048576K
}
Event: 10,784 GC heap after
{Heap after GC invocations=10 (full 0):
 garbage-first heap   total 190464K, used 36641K [0x0000000080000000, 0x0000000100000000)
  region size 1024K, 13 young (13312K), 13 survivors (13312K)
 Metaspace       used 49473K, capacity 50859K, committed 51120K, reserved 1093632K
  class space    used 6289K, capacity 6827K, committed 6912K, reserved 1048576K
}
Event: 15,866 GC heap before
{Heap before GC invocations=10 (full 0):
 garbage-first heap   total 190464K, used 143137K [0x0000000080000000, 0x0000000100000000)
  region size 1024K, 109 young (111616K), 13 survivors (13312K)
 Metaspace       used 59903K, capacity 61468K, committed 61744K, reserved 1103872K
  class space    used 7616K, capacity 8228K, committed 8320K, reserved 1048576K
}
Event: 15,880 GC heap after
{Heap after GC invocations=11 (full 0):
 garbage-first heap   total 190464K, used 47641K [0x0000000080000000, 0x0000000100000000)
  region size 1024K, 14 young (14336K), 14 survivors (14336K)
 Metaspace       used 59903K, capacity 61468K, committed 61744K, reserved 1103872K
  class space    used 7616K, capacity 8228K, committed 8320K, reserved 1048576K
}
Event: 17,429 GC heap before
{Heap before GC invocations=11 (full 0):
 garbage-first heap   total 190464K, used 141849K [0x0000000080000000, 0x0000000100000000)
  region size 1024K, 105 young (107520K), 14 survivors (14336K)
 Metaspace       used 64220K, capacity 66032K, committed 66224K, reserved 1105920K
  class space    used 8178K, capacity 8875K, committed 8960K, reserved 1048576K
}
Event: 17,443 GC heap after
{Heap after GC invocations=12 (full 0):
 garbage-first heap   total 190464K, used 55296K [0x0000000080000000, 0x0000000100000000)
  region size 1024K, 7 young (7168K), 7 survivors (7168K)
 Metaspace       used 64220K, capacity 66032K, committed 66224K, reserved 1105920K
  class space    used 8178K, capacity 8875K, committed 8960K, reserved 1048576K
}
Event: 19,301 GC heap before
{Heap before GC invocations=12 (full 0):
 garbage-first heap   total 190464K, used 145408K [0x0000000080000000, 0x0000000100000000)
  region size 1024K, 95 young (97280K), 7 survivors (7168K)
 Metaspace       used 70911K, capacity 72717K, committed 72880K, reserved 1112064K
  class space    used 9251K, capacity 9937K, committed 9984K, reserved 1048576K
}
Event: 19,320 GC heap after
{Heap after GC invocations=13 (full 0):
 garbage-first heap   total 190464K, used 60416K [0x0000000080000000, 0x0000000100000000)
  region size 1024K, 12 young (12288K), 12 survivors (12288K)
 Metaspace       used 70911K, capacity 72717K, committed 72880K, reserved 1112064K
  class space    used 9251K, capacity 9937K, committed 9984K, reserved 1048576K
}
Event: 19,709 GC heap before
{Heap before GC invocations=13 (full 0):
 garbage-first heap   total 190464K, used 92160K [0x0000000080000000, 0x0000000100000000)
  region size 1024K, 44 young (45056K), 12 survivors (12288K)
 Metaspace       used 72763K, capacity 74662K, committed 74748K, reserved 1114112K
  class space    used 9529K, capacity 10258K, committed 10316K, reserved 1048576K
}

